<?xml version="1.0" encoding="UTF-8"?>
<!-- Generated by org.testng.reporters.JUnitReportReporter -->
<testsuite hostname="DESKTOP-C4GD19I" failures="0" tests="1" name="com.placelab.tests.SmokeTest" time="0.001" errors="0" timestamp="2023-04-30T17:21:23 CEST" skipped="0">
  <testcase classname="com.placelab.tests.SmokeTest" name="openPage" time="0.001"/>
  <system-out/>
</testsuite> <!-- com.placelab.tests.SmokeTest -->
